<?xml version="1.0" encoding="UTF-8"?>
<!-- Generated by org.testng.reporters.JUnitReportReporter -->
<testsuite hostname="USER" failures="0" tests="1" name="Day1" time="7.109" errors="0" timestamp="2024-08-06T13:46:39 GMT+02:00" skipped="0">
  <testcase classname="Day1" name="Verify_sorting" time="7.109">
    <system-out>
      <![CDATA[Open Base URL
Compare Titles
click on Mobile Menu
Compare Titles
select type of Sort by Name
Taking Screenshot
<img src='screenshots\20240806_134628.png' alt='screenshot' style="width:500px;height:500px;" />
check if the items are sorted by name or not]]>
    </system-out>
  </testcase> <!-- Verify_sorting -->
  <system-out>
    <![CDATA[Open Base URL
Compare Titles
click on Mobile Menu
Compare Titles
select type of Sort by Name
Taking Screenshot
<img src='screenshots\20240806_134628.png' alt='screenshot' style="width:500px;height:500px;" />
check if the items are sorted by name or not
Open Base URL
Compare Titles
click on Mobile Menu
Get cost of sony Xperia mobile from the list of all mobiles
Click on mobile Xperia mobile
Get cost of sony Xperia mobile from detail page
Compare the 2 cost values
Equal values]]>
  </system-out>
</testsuite> <!-- Day1 -->
