<?xml version="1.0" encoding="UTF-8"?>
<!-- Generated by org.testng.reporters.JUnitReportReporter -->
<testsuite hostname="USER" failures="0" tests="1" name="Day2" time="6.836" errors="0" timestamp="2024-08-08T20:03:43 GMT+02:00" skipped="0">
  <testcase classname="Day2" name="Verify_scenario2" time="6.836">
    <system-out>
      <![CDATA[Open Base URL
click on Mobile Menu
Get cost of sony Xperia mobile from the list of all mobiles
Click on mobile Xperia mobile
Get cost of sony Xperia mobile from detail page
Compare the 2 cost values
Equal values]]>
    </system-out>
  </testcase> <!-- Verify_scenario2 -->
  <system-out>
    <![CDATA[Open Base URL
Compare Titles
click on Mobile Menu
Compare Titles
select type of Sort by Name
Taking Screenshot
<img src='screenshots\20240808_200254.png' alt='screenshot' style="width:500px;height:500px;" />
check if the items are sorted by name or not
Open Base URL
click on Mobile Menu
Get cost of sony Xperia mobile from the list of all mobiles
Click on mobile Xperia mobile
Get cost of sony Xperia mobile from detail page
Compare the 2 cost values
Equal values
Open Base URL
click on Mobile Menu
Click Add to Cart for sony Xperia mobile
Edit quantity for the item to be 1000
click update button
Check error message
error message shown with correct message
Empty Cart
check empty cart message
message shown with correct message
Open Base URL
click on Mobile Menu
Add to compare(Iphone)
message shown with correct message
Add to compare(Sony xperia)
message shown with correct message
Click on compare button
switch to popup window
title shown with correctly
Open Base URL
Click on my account link
switching to new window
Click Create an Account link
fill New User information
Click Register
Verify Registration is done. Expected account registration done.
Go to TV menu
Add product in your wish list - use product - LG LCD
Click SHARE WISHLIST
In next page enter Email and a message and click SHARE WISHLIST
Check wishlist is shared. Expected wishlist shared successfully.]]>
  </system-out>
</testsuite> <!-- Day2 -->
