<?xml version="1.0" encoding="UTF-8"?>
<!-- Generated by org.testng.reporters.JUnitReportReporter -->
<testsuite hostname="USER" failures="0" tests="1" name="Day2" time="7.668" errors="0" timestamp="2024-08-06T01:54:08 GMT+02:00" skipped="0">
  <testcase classname="Day2" name="Verify_sorting" time="7.668">
    <system-out>
      <![CDATA[Open Base URL
Compare Titles
click on Mobile Menu
Get cost of sony Xperia mobile from the list of all mobiles
Click on mobile Xperia mobile
Get cost of sony Xperia mobile from detail page
Compare the 2 cost values
Equal values]]>
    </system-out>
  </testcase> <!-- Verify_sorting -->
  <system-out>
    <![CDATA[Open Base URL
Compare Titles
click on Mobile Menu
Get cost of sony Xperia mobile from the list of all mobiles
Click on mobile Xperia mobile
Get cost of sony Xperia mobile from detail page
Compare the 2 cost values
Equal values]]>
  </system-out>
</testsuite> <!-- Day2 -->
