<?xml version="1.0" encoding="UTF-8"?>
<!-- Generated by org.testng.reporters.JUnitReportReporter -->
<testsuite hostname="USER" failures="0" tests="1" name="Day1" time="6.935" errors="0" timestamp="2024-08-04T23:18:12 GMT+02:00" skipped="0">
  <testcase classname="Day1" name="Verify_sorting" time="6.935">
    <system-out>
      <![CDATA[Open Base URL
Compare Titles
click on Mobile Menu
Compare Titles
select type of Sort by Name
Taking Screenshot
<img src='screenshots\20240804_231810.png' alt='screenshot' style="width:500px;height:500px;" />
check if the items are sorted by name or not]]>
    </system-out>
  </testcase> <!-- Verify_sorting -->
  <system-out>
    <![CDATA[Open Base URL
Compare Titles
click on Mobile Menu
Compare Titles
select type of Sort by Name
Taking Screenshot
<img src='screenshots\20240804_231810.png' alt='screenshot' style="width:500px;height:500px;" />
check if the items are sorted by name or not]]>
  </system-out>
</testsuite> <!-- Day1 -->
