<?xml version="1.0" encoding="UTF-8"?>
<!-- Generated by org.testng.reporters.JUnitReportReporter -->
<testsuite hostname="USER" failures="0" tests="1" name="Day1" time="6.276" errors="0" timestamp="2024-08-06T15:03:07 GMT+02:00" skipped="0">
  <testcase classname="Day1" name="Verify_sorting" time="6.276">
    <system-out>
      <![CDATA[Open Base URL
Compare Titles
click on Mobile Menu
Compare Titles
select type of Sort by Name
Taking Screenshot
<img src='screenshots\20240806_150242.png' alt='screenshot' style="width:500px;height:500px;" />
check if the items are sorted by name or not]]>
    </system-out>
  </testcase> <!-- Verify_sorting -->
  <system-out>
    <![CDATA[Open Base URL
Compare Titles
click on Mobile Menu
Compare Titles
select type of Sort by Name
Taking Screenshot
<img src='screenshots\20240806_150242.png' alt='screenshot' style="width:500px;height:500px;" />
check if the items are sorted by name or not
Open Base URL
click on Mobile Menu
Get cost of sony Xperia mobile from the list of all mobiles
Click on mobile Xperia mobile
Get cost of sony Xperia mobile from detail page
Compare the 2 cost values
Equal values
Open Base URL
click on Mobile Menu
Click Add to Cart for sony Xperia mobile
Edit quantity for the item to be 1000
click update button
Check error message
error message shown with correct message
Empty Cart
check empty cart message
message shown with correct message]]>
  </system-out>
</testsuite> <!-- Day1 -->
